[+] Containers:
 |- [+] Container: /Game/ThirdPerson/Maps/ThirdPersonMap
 |   |- [+] ActorDescs:
 |   |   |- Guid:0A733B864C327F0B589EC8BBDD0265BC BaseClass: NativeClass:/Script/Engine.StaticMeshActor Name:StaticMeshActor_13 Label:SM_Cube9 SpatiallyLoaded:1 Bounds:IsValid=true, Min=(X=1800.000 Y=1500.000 Z=0.000), Max=(X=2000.000 Y=2200.000 Z=100.000) RuntimeGrid:None EditorOnly:0 RuntimeOnly:0 HLODRelevant:1 FolderPath:Block01 FolderGuid:7D23E5AE4C2A421F86AF6986D87E6D05
 |   |   |- Guid:15CB518B434C889FCA05EE8FB5335D78 BaseClass:/Game/BPs/lightning/TurnLight.TurnLight_C NativeClass:/Script/Engine.Actor Name:TurnLight_C_UAID_18C04DC318A1157801_1786052586 Label:TurnLight3 SpatiallyLoaded:1 Bounds:IsValid=true, Min=(X=1450.000 Y=-300.000 Z=-750.000), Max=(X=3450.000 Y=1700.000 Z=1250.000) RuntimeGrid:None EditorOnly:0 RuntimeOnly:0 HLODRelevant:0 FolderPath:Lighting/PointLights FolderGuid:1F61DF244D7C34C74A6E3B949E3114EE
 |   |   |- Guid:171BD2444845744DE95E39BED90A6459 BaseClass: NativeClass:/Script/Engine.StaticMeshActor Name:StaticMeshActor_UAID_18C04DC318A1347C01_1437489259 Label:SM_Table SpatiallyLoaded:1 Bounds:IsValid=true, Min=(X=616.358 Y=751.723 Z=1.434), Max=(X=752.541 Y=887.905 Z=127.111) RuntimeGrid:None EditorOnly:0 RuntimeOnly:0 HLODRelevant:1
 |   |   |- Guid:1BBE47E0406CBCFCA07BE09FFEFF233E BaseClass:/Game/Art/Materiales/SM_SofaPart_Blueprint.SM_SofaPart_Blueprint_C NativeClass:/Script/Engine.StaticMeshActor Name:SM_SofaPart_Blueprint_C_UAID_18C04DC318A1367C01_1287276615 Label:SM_SofaPart_Blueprint SpatiallyLoaded:1 Bounds:IsValid=true, Min=(X=1203.960 Y=756.391 Z=1.172), Max=(X=1322.344 Y=893.320 Z=160.216) RuntimeGrid:None EditorOnly:0 RuntimeOnly:0 HLODRelevant:1
 |   |   |- Guid:1DA9576D4D6411FA31123D9150BD6793 BaseClass: NativeClass:/Script/Engine.StaticMeshActor Name:StaticMeshActor_UAID_18C04DC318A1D67C01_1077277771 Label:SM_DishStack SpatiallyLoaded:1 Bounds:IsValid=true, Min=(X=647.999 Y=790.387 Z=127.110), Max=(X=688.918 Y=831.389 Z=141.280) RuntimeGrid:None EditorOnly:0 RuntimeOnly:0 HLODRelevant:1
 |   |   |- Guid:2FB58999456391D349DC0F86DAC136ED BaseClass: NativeClass:/Script/Engine.SkyLight Name:SkyLight_1 Label:SkyLight SpatiallyLoaded:0 Bounds:IsValid=true, Min=(X=0.000 Y=0.000 Z=690.000), Max=(X=0.000 Y=0.000 Z=690.000) RuntimeGrid:None EditorOnly:0 RuntimeOnly:0 HLODRelevant:0 FolderPath:Lighting FolderGuid:963EC3EB4002CCE9759E2EBA541A873A
 |   |   |- Guid:316CF2A6494ACA4C0E4180A87D36AB8F BaseClass: NativeClass:/Script/Engine.ExponentialHeightFog Name:ExponentialHeightFog_0 Label:ExponentialHeightFog SpatiallyLoaded:0 Bounds:IsValid=true, Min=(X=-5600.000 Y=-50.000 Z=-6850.000), Max=(X=-5600.000 Y=-50.000 Z=-6850.000) RuntimeGrid:None EditorOnly:0 RuntimeOnly:0 HLODRelevant:0 FolderPath:Lighting FolderGuid:963EC3EB4002CCE9759E2EBA541A873A
 |   |   |- Guid:3A00AA1C422CE54C0BDB60BAF471BFBB BaseClass: NativeClass:/Script/Engine.PlayerStart Name:PlayerStart_0 Label:PlayerStart SpatiallyLoaded:0 Bounds:IsValid=true, Min=(X=860.000 Y=1070.000 Z=0.013), Max=(X=940.000 Y=1150.000 Z=184.013) RuntimeGrid:None EditorOnly:0 RuntimeOnly:0 HLODRelevant:0
 |   |   |- Guid:3B7EF57A402EAB256588F4A0500FB3F7 BaseClass:/Engine/EngineSky/BP_Sky_Sphere.BP_Sky_Sphere_C NativeClass:/Script/Engine.Actor Name:BP_Sky_Sphere_C_UAID_18C04DC318A1A87501_1107862280 Label:BP_Sky_Sphere SpatiallyLoaded:0 Bounds:IsValid=true, Min=(X=-1638400.000 Y=-1638400.000 Z=-1638400.000), Max=(X=1638400.000 Y=1638400.000 Z=1638400.000) RuntimeGrid:None EditorOnly:0 RuntimeOnly:0 HLODRelevant:0 FolderPath:Lighting FolderGuid:963EC3EB4002CCE9759E2EBA541A873A
 |   |   |- Guid:43815E84492231AFC407F59E3C28176B BaseClass: NativeClass:/Script/Engine.StaticMeshActor Name:StaticMeshActor_4 Label:SM_Cube6 SpatiallyLoaded:1 Bounds:IsValid=true, Min=(X=2900.000 Y=100.000 Z=0.000), Max=(X=3000.000 Y=3400.000 Z=400.000) RuntimeGrid:None EditorOnly:0 RuntimeOnly:0 HLODRelevant:1 FolderPath:Playground FolderGuid:C73F09FC4215536B1DCE2A9E0A830C70
 |   |   |- Guid:4426D2314F8FAACC1B976AA32AFFC9F3 BaseClass:/Game/BPs/lightning/TurnLight.TurnLight_C NativeClass:/Script/Engine.Actor Name:TurnLight_C_UAID_18C04DC318A1157801_1794710589 Label:TurnLight6 SpatiallyLoaded:1 Bounds:IsValid=true, Min=(X=1450.000 Y=1890.000 Z=-750.000), Max=(X=3450.000 Y=3890.000 Z=1250.000) RuntimeGrid:None EditorOnly:0 RuntimeOnly:0 HLODRelevant:0 FolderPath:Lighting/PointLights FolderGuid:1F61DF244D7C34C74A6E3B949E3114EE
 |   |   |- Guid:454F3E21412E1C4A383153BE05B5C6D9 BaseClass:/Game/BPs/lightning/TurnLight.TurnLight_C NativeClass:/Script/Engine.Actor Name:TurnLight_C_UAID_18C04DC318A1157801_1782263585 Label:TurnLight2 SpatiallyLoaded:1 Bounds:IsValid=true, Min=(X=560.000 Y=-300.000 Z=-750.000), Max=(X=2560.000 Y=1700.000 Z=1250.000) RuntimeGrid:None EditorOnly:0 RuntimeOnly:0 HLODRelevant:0 FolderPath:Lighting/PointLights FolderGuid:1F61DF244D7C34C74A6E3B949E3114EE
 |   |   |- Guid:48FAB5FA4E776A51295C95BD9E3A038C BaseClass: NativeClass:/Script/Engine.StaticMeshActor Name:StaticMeshActor_UAID_18C04DC318A1D67C01_1105437774 Label:SM_Mug SpatiallyLoaded:1 Bounds:IsValid=true, Min=(X=707.793 Y=812.202 Z=127.261), Max=(X=730.187 Y=828.327 Z=148.620) RuntimeGrid:None EditorOnly:0 RuntimeOnly:0 HLODRelevant:1
 |   |   |- Guid:4D3BE93F4146AAAC8BBE79999D96D57F BaseClass: NativeClass:/Script/Engine.VolumetricCloud Name:VolumetricCloud_0 Label:VolumetricCloud SpatiallyLoaded:0 Bounds:IsValid=true, Min=(X=0.000 Y=0.000 Z=0.000), Max=(X=0.000 Y=0.000 Z=0.000) RuntimeGrid:None EditorOnly:0 RuntimeOnly:0 HLODRelevant:0 FolderPath:Lighting FolderGuid:963EC3EB4002CCE9759E2EBA541A873A
 |   |   |- Guid:5FA988C942DB56D6DC9DBA92BEFB7F13 BaseClass:/Game/BPs/lightning/TurnLight.TurnLight_C NativeClass:/Script/Engine.Actor Name:TurnLight_C_UAID_18C04DC318A1157801_1762932584 Label:TurnLight SpatiallyLoaded:1 Bounds:IsValid=true, Min=(X=-290.000 Y=-300.000 Z=-750.000), Max=(X=1710.000 Y=1700.000 Z=1250.000) RuntimeGrid:None EditorOnly:0 RuntimeOnly:0 HLODRelevant:0 FolderPath:Lighting/PointLights FolderGuid:1F61DF244D7C34C74A6E3B949E3114EE
 |   |   |- Guid:64E5FAEC4E2BF74A1B28E88DF0E6ABE7 BaseClass:/Game/BPs/lightning/TurnLight.TurnLight_C NativeClass:/Script/Engine.Actor Name:TurnLight_C_UAID_18C04DC318A1157801_1794706587 Label:TurnLight4 SpatiallyLoaded:1 Bounds:IsValid=true, Min=(X=-290.000 Y=1890.000 Z=-750.000), Max=(X=1710.000 Y=3890.000 Z=1250.000) RuntimeGrid:None EditorOnly:0 RuntimeOnly:0 HLODRelevant:0 FolderPath:Lighting/PointLights FolderGuid:1F61DF244D7C34C74A6E3B949E3114EE
 |   |   |- Guid:6BAF4DDD444C60371492D3919DB42C97 BaseClass: NativeClass:/Script/Engine.WorldDataLayers Name:WorldDataLayers Label:WorldDataLayers SpatiallyLoaded:0 Bounds:IsValid=true, Min=(X=0.000 Y=0.000 Z=0.000), Max=(X=0.000 Y=0.000 Z=0.000) RuntimeGrid:None EditorOnly:0 RuntimeOnly:0 HLODRelevant:0 FolderPath:Playground FolderGuid:C73F09FC4215536B1DCE2A9E0A830C70
 |   |   |- Guid:7331DE1D47C89CA67A9BB8855D48FDD6 BaseClass:/Game/BPs/lightning/TurnLight.TurnLight_C NativeClass:/Script/Engine.Actor Name:TurnLight_C_UAID_18C04DC318A1157801_1794709588 Label:TurnLight5 SpatiallyLoaded:1 Bounds:IsValid=true, Min=(X=560.000 Y=1890.000 Z=-750.000), Max=(X=2560.000 Y=3890.000 Z=1250.000) RuntimeGrid:None EditorOnly:0 RuntimeOnly:0 HLODRelevant:0 FolderPath:Lighting/PointLights FolderGuid:1F61DF244D7C34C74A6E3B949E3114EE
 |   |   |- Guid:76CDE7A543E8B9C727A6EF9C50A50151 BaseClass: NativeClass:/Script/Engine.StaticMeshActor Name:StaticMeshActor_UAID_18C04DC318A1D67C01_1100291773 Label:SM_RoundTable SpatiallyLoaded:1 Bounds:IsValid=true, Min=(X=883.801 Y=1205.722 Z=1.603), Max=(X=977.422 Y=1299.342 Z=88.552) RuntimeGrid:None EditorOnly:0 RuntimeOnly:0 HLODRelevant:1
 |   |   |- Guid:770E019741619C9FF68CCD97159BDBFA BaseClass:/Game/GoodSky/Blueprint/BP_GoodSky.BP_GoodSky_C NativeClass:/Script/Engine.Actor Name:BP_GoodSky_C_UAID_18C04DC318A1897601_1171687880 Label:BP_GoodSky SpatiallyLoaded:1 Bounds:IsValid=true, Min=(X=-1637514.175 Y=-1639054.368 Z=-1592907.382), Max=(X=1643053.403 Y=1641513.596 Z=1594727.382) RuntimeGrid:None EditorOnly:0 RuntimeOnly:0 HLODRelevant:0 FolderPath:Lighting FolderGuid:963EC3EB4002CCE9759E2EBA541A873A
 |   |   |- Guid:83DBF0244DC0E1A225255C94AADA22C6 BaseClass:/Game/BPs/SceneManage/ReturnMenu.ReturnMenu_C NativeClass:/Script/Engine.Actor Name:LevelChange_C_UAID_18C04DC318A1057601_1241123647 Label:LevelChange SpatiallyLoaded:1 Bounds:IsValid=true, Min=(X=1432.092 Y=1799.294 Z=204.049), Max=(X=1435.780 Y=2100.706 Z=434.130) RuntimeGrid:None EditorOnly:0 RuntimeOnly:0 HLODRelevant:0
 |   |   |- Guid:94E5A4C44067DC84B121F7B3A630C496 BaseClass: NativeClass:/Script/Engine.StaticMeshActor Name:StaticMeshActor_UAID_18C04DC318A1D57C01_2118303594 Label:SM_Fireplace SpatiallyLoaded:1 Bounds:IsValid=true, Min=(X=818.019 Y=617.938 Z=21.882), Max=(X=949.595 Y=745.230 Z=149.489) RuntimeGrid:None EditorOnly:0 RuntimeOnly:0 HLODRelevant:1
 |   |   |- Guid:961864A84FF6F65B68F2A3BE5819D538 BaseClass: NativeClass:/Script/Engine.StaticMeshActor Name:StaticMeshActor_8 Label:SM_Cube4 SpatiallyLoaded:1 Bounds:IsValid=true, Min=(X=1200.000 Y=1700.000 Z=0.000), Max=(X=1800.000 Y=2200.000 Z=200.000) RuntimeGrid:None EditorOnly:0 RuntimeOnly:0 HLODRelevant:1 FolderPath:Block01 FolderGuid:7D23E5AE4C2A421F86AF6986D87E6D05
 |   |   |- Guid:9F7046F64090984C66357F91E977838E BaseClass: NativeClass:/Script/Engine.StaticMeshActor Name:StaticMeshActor_UAID_18C04DC318A1D57C01_2085713593 Label:SM_Window SpatiallyLoaded:1 Bounds:IsValid=true, Min=(X=504.230 Y=853.063 Z=114.204), Max=(X=574.643 Y=1209.317 Z=272.894) RuntimeGrid:None EditorOnly:0 RuntimeOnly:0 HLODRelevant:1
 |   |   |- Guid:A56216954B2165CF0F35A886B537D536 BaseClass: NativeClass:/Script/Engine.StaticMeshActor Name:StaticMeshActor_0 Label:SM_Cube5 SpatiallyLoaded:1 Bounds:IsValid=true, Min=(X=-0.000 Y=100.000 Z=0.000), Max=(X=100.000 Y=3400.000 Z=400.000) RuntimeGrid:None EditorOnly:0 RuntimeOnly:0 HLODRelevant:1 FolderPath:Playground FolderGuid:C73F09FC4215536B1DCE2A9E0A830C70
 |   |   |- Guid:AB74120142217676C6EC818E6B49412B BaseClass: NativeClass:/Script/Engine.StaticMeshActor Name:StaticMeshActor_15 Label:SM_Cube10 SpatiallyLoaded:1 Bounds:IsValid=true, Min=(X=1800.000 Y=2100.000 Z=100.000), Max=(X=2000.000 Y=2200.000 Z=200.000) RuntimeGrid:None EditorOnly:0 RuntimeOnly:0 HLODRelevant:1 FolderPath:Block01 FolderGuid:7D23E5AE4C2A421F86AF6986D87E6D05
 |   |   |- Guid:B785ED2844B84CFB91E7F39FE661CD99 BaseClass: NativeClass:/Script/Engine.DirectionalLight Name:DirectionalLight_0 Label:DirectionalLight SpatiallyLoaded:0 Bounds:IsValid=true, Min=(X=-4398046511104.000 Y=-4398046511104.000 Z=-4398046511104.000), Max=(X=4398046511104.000 Y=4398046511104.000 Z=4398046511104.000) RuntimeGrid:None EditorOnly:0 RuntimeOnly:0 HLODRelevant:0 FolderPath:Lighting FolderGuid:963EC3EB4002CCE9759E2EBA541A873A
 |   |   |- Guid:BC08B79C4EA3C961CFF75EBBE83B367D BaseClass: NativeClass:/Script/Engine.StaticMeshActor Name:StaticMeshActor_5 Label:SM_Cube2 SpatiallyLoaded:1 Bounds:IsValid=true, Min=(X=0.000 Y=0.000 Z=0.000), Max=(X=3000.000 Y=100.000 Z=400.000) RuntimeGrid:None EditorOnly:0 RuntimeOnly:0 HLODRelevant:1 FolderPath:Playground FolderGuid:C73F09FC4215536B1DCE2A9E0A830C70
 |   |   |- Guid:BFFA38974C88A76C36F8418BAE7EC436 BaseClass:/Game/Art/Materiales/ColorChange.ColorChange_C NativeClass:/Script/Engine.StaticMeshActor Name:ColorChange_C_UAID_18C04DC318A1C87801_2139684079 Label:ColorChange SpatiallyLoaded:1 Bounds:IsValid=true, Min=(X=790.000 Y=1710.000 Z=60.000), Max=(X=890.000 Y=1810.000 Z=160.000) RuntimeGrid:None EditorOnly:0 RuntimeOnly:0 HLODRelevant:1
 |   |   |- Guid:C15C2C8D4EA4ADE0BD1349AFD814988B BaseClass: NativeClass:/Script/Engine.StaticMeshActor Name:StaticMeshActor_14 Label:SM_Ramp3 SpatiallyLoaded:1 Bounds:IsValid=true, Min=(X=1800.000 Y=1700.000 Z=100.000), Max=(X=2000.000 Y=2100.000 Z=200.000) RuntimeGrid:None EditorOnly:0 RuntimeOnly:0 HLODRelevant:1 FolderPath:Block01 FolderGuid:7D23E5AE4C2A421F86AF6986D87E6D05
 |   |   |- Guid:CCFF262C46EEFFDF319E7F9539CE697E BaseClass: NativeClass:/Script/Engine.SkyAtmosphere Name:SkyAtmosphere_0 Label:SkyAtmosphere SpatiallyLoaded:0 Bounds:IsValid=true, Min=(X=0.000 Y=0.000 Z=1020.000), Max=(X=0.000 Y=0.000 Z=1020.000) RuntimeGrid:None EditorOnly:0 RuntimeOnly:0 HLODRelevant:0 FolderPath:Lighting FolderGuid:963EC3EB4002CCE9759E2EBA541A873A
 |   |   |- Guid:D4F4B0B44EA2E9B33B01CDB8302C2ADB BaseClass: NativeClass:/Script/Engine.StaticMeshActor Name:StaticMeshActor_UAID_18C04DC318A1D67C01_1090461772 Label:SM_FireplaceTools SpatiallyLoaded:1 Bounds:IsValid=true, Min=(X=954.423 Y=751.751 Z=1.320), Max=(X=1003.606 Y=791.308 Z=100.394) RuntimeGrid:None EditorOnly:0 RuntimeOnly:0 HLODRelevant:1
 |   |   |- Guid:D8FDEFBC4547ABA4765711B651A2EA58 BaseClass: NativeClass:/Script/Engine.StaticMeshActor Name:StaticMeshActor_UAID_18C04DC318A1D57C01_2017400591 Label:SM_Enviroment SpatiallyLoaded:1 Bounds:IsValid=true, Min=(X=489.729 Y=602.582 Z=1.605), Max=(X=1338.399 Y=1541.778 Z=449.543) RuntimeGrid:None EditorOnly:0 RuntimeOnly:0 HLODRelevant:1
 |   |   |- Guid:DD5CB0E949226F78ABBD328DB4062C0C BaseClass:/Game/BPs/lightning/TurnLight.TurnLight_C NativeClass:/Script/Engine.Actor Name:TurnLight_C_UAID_18C04DC318A1157801_1804593592 Label:TurnLight9 SpatiallyLoaded:1 Bounds:IsValid=true, Min=(X=1450.000 Y=950.000 Z=-750.000), Max=(X=3450.000 Y=2950.000 Z=1250.000) RuntimeGrid:None EditorOnly:0 RuntimeOnly:0 HLODRelevant:0 FolderPath:Lighting/PointLights FolderGuid:1F61DF244D7C34C74A6E3B949E3114EE
 |   |   |- Guid:E3AF88BB465FC65AFCFD2E92B8D26845 BaseClass:/Game/BPs/lightning/TurnLight.TurnLight_C NativeClass:/Script/Engine.Actor Name:TurnLight_C_UAID_18C04DC318A1157801_1804590590 Label:TurnLight7 SpatiallyLoaded:1 Bounds:IsValid=true, Min=(X=-290.000 Y=950.000 Z=-750.000), Max=(X=1710.000 Y=2950.000 Z=1250.000) RuntimeGrid:None EditorOnly:0 RuntimeOnly:0 HLODRelevant:0 FolderPath:Lighting/PointLights FolderGuid:1F61DF244D7C34C74A6E3B949E3114EE
 |   |   |- Guid:EDAA34A64E50B17535C2EB826C12557D BaseClass: NativeClass:/Script/Engine.StaticMeshActor Name:StaticMeshActor_9 Label:SM_Ramp2 SpatiallyLoaded:1 Bounds:IsValid=true, Min=(X=1400.000 Y=1500.000 Z=0.000), Max=(X=1800.000 Y=1700.000 Z=100.000) RuntimeGrid:None EditorOnly:0 RuntimeOnly:0 HLODRelevant:1 FolderPath:Block01 FolderGuid:7D23E5AE4C2A421F86AF6986D87E6D05
 |   |   |- Guid:F1924B8D48954B30891B2DB6A694F9CC BaseClass: NativeClass:/Script/Engine.StaticMeshActor Name:StaticMeshActor_1 Label:SM_Cube SpatiallyLoaded:1 Bounds:IsValid=true, Min=(X=0.000 Y=0.000 Z=-50.000), Max=(X=3000.000 Y=3500.000 Z=0.000) RuntimeGrid:None EditorOnly:0 RuntimeOnly:0 HLODRelevant:1 FolderPath:Playground FolderGuid:C73F09FC4215536B1DCE2A9E0A830C70
 |   |   |- Guid:F5E3FEB3450C49844FD93DA8E083C8AD BaseClass: NativeClass:/Script/Engine.PostProcessVolume Name:PostProcessVolume_0 Label:PostProcessVolume SpatiallyLoaded:0 Bounds:IsValid=true, Min=(X=0.000 Y=0.000 Z=400.000), Max=(X=200.000 Y=200.000 Z=600.000) RuntimeGrid:None EditorOnly:0 RuntimeOnly:0 HLODRelevant:0 FolderPath:Lighting FolderGuid:963EC3EB4002CCE9759E2EBA541A873A
 |   |   |- Guid:FB32618244EE92F07C4BC2A1FAEF0164 BaseClass:/Game/BPs/lightning/TurnLight.TurnLight_C NativeClass:/Script/Engine.Actor Name:TurnLight_C_UAID_18C04DC318A1157801_1804592591 Label:TurnLight8 SpatiallyLoaded:1 Bounds:IsValid=true, Min=(X=560.000 Y=950.000 Z=-570.000), Max=(X=2560.000 Y=2950.000 Z=1430.000) RuntimeGrid:None EditorOnly:0 RuntimeOnly:0 HLODRelevant:0 FolderPath:Lighting/PointLights FolderGuid:1F61DF244D7C34C74A6E3B949E3114EE
 |   |   |- Guid:FF698C67459ADB4982D7759C0905EE9F BaseClass: NativeClass:/Script/Engine.StaticMeshActor Name:StaticMeshActor_6 Label:SM_Cube3 SpatiallyLoaded:1 Bounds:IsValid=true, Min=(X=0.000 Y=3400.000 Z=0.000), Max=(X=3000.000 Y=3500.000 Z=400.000) RuntimeGrid:None EditorOnly:0 RuntimeOnly:0 HLODRelevant:1 FolderPath:Playground FolderGuid:C73F09FC4215536B1DCE2A9E0A830C70
 |   |- [+] Clusters:
 |   |   |- [+] [  0]
 |   |   |   |- Guid:6BAF4DDD444C60371492D3919DB42C97 BaseClass: NativeClass:/Script/Engine.WorldDataLayers Name:WorldDataLayers Label:WorldDataLayers SpatiallyLoaded:0 Bounds:IsValid=true, Min=(X=0.000 Y=0.000 Z=0.000), Max=(X=0.000 Y=0.000 Z=0.000) RuntimeGrid:None EditorOnly:0 RuntimeOnly:0 HLODRelevant:0 FolderPath:Playground FolderGuid:C73F09FC4215536B1DCE2A9E0A830C70
 |   |   |- [+] [  1]
 |   |   |   |- Guid:454F3E21412E1C4A383153BE05B5C6D9 BaseClass:/Game/BPs/lightning/TurnLight.TurnLight_C NativeClass:/Script/Engine.Actor Name:TurnLight_C_UAID_18C04DC318A1157801_1782263585 Label:TurnLight2 SpatiallyLoaded:1 Bounds:IsValid=true, Min=(X=560.000 Y=-300.000 Z=-750.000), Max=(X=2560.000 Y=1700.000 Z=1250.000) RuntimeGrid:None EditorOnly:0 RuntimeOnly:0 HLODRelevant:0 FolderPath:Lighting/PointLights FolderGuid:1F61DF244D7C34C74A6E3B949E3114EE
 |   |   |- [+] [  2]
 |   |   |   |- Guid:F5E3FEB3450C49844FD93DA8E083C8AD BaseClass: NativeClass:/Script/Engine.PostProcessVolume Name:PostProcessVolume_0 Label:PostProcessVolume SpatiallyLoaded:0 Bounds:IsValid=true, Min=(X=0.000 Y=0.000 Z=400.000), Max=(X=200.000 Y=200.000 Z=600.000) RuntimeGrid:None EditorOnly:0 RuntimeOnly:0 HLODRelevant:0 FolderPath:Lighting FolderGuid:963EC3EB4002CCE9759E2EBA541A873A
 |   |   |- [+] [  3]
 |   |   |   |- Guid:4D3BE93F4146AAAC8BBE79999D96D57F BaseClass: NativeClass:/Script/Engine.VolumetricCloud Name:VolumetricCloud_0 Label:VolumetricCloud SpatiallyLoaded:0 Bounds:IsValid=true, Min=(X=0.000 Y=0.000 Z=0.000), Max=(X=0.000 Y=0.000 Z=0.000) RuntimeGrid:None EditorOnly:0 RuntimeOnly:0 HLODRelevant:0 FolderPath:Lighting FolderGuid:963EC3EB4002CCE9759E2EBA541A873A
 |   |   |- [+] [  4]
 |   |   |   |- Guid:64E5FAEC4E2BF74A1B28E88DF0E6ABE7 BaseClass:/Game/BPs/lightning/TurnLight.TurnLight_C NativeClass:/Script/Engine.Actor Name:TurnLight_C_UAID_18C04DC318A1157801_1794706587 Label:TurnLight4 SpatiallyLoaded:1 Bounds:IsValid=true, Min=(X=-290.000 Y=1890.000 Z=-750.000), Max=(X=1710.000 Y=3890.000 Z=1250.000) RuntimeGrid:None EditorOnly:0 RuntimeOnly:0 HLODRelevant:0 FolderPath:Lighting/PointLights FolderGuid:1F61DF244D7C34C74A6E3B949E3114EE
 |   |   |- [+] [  5]
 |   |   |   |- Guid:AB74120142217676C6EC818E6B49412B BaseClass: NativeClass:/Script/Engine.StaticMeshActor Name:StaticMeshActor_15 Label:SM_Cube10 SpatiallyLoaded:1 Bounds:IsValid=true, Min=(X=1800.000 Y=2100.000 Z=100.000), Max=(X=2000.000 Y=2200.000 Z=200.000) RuntimeGrid:None EditorOnly:0 RuntimeOnly:0 HLODRelevant:1 FolderPath:Block01 FolderGuid:7D23E5AE4C2A421F86AF6986D87E6D05
 |   |   |- [+] [  6]
 |   |   |   |- Guid:171BD2444845744DE95E39BED90A6459 BaseClass: NativeClass:/Script/Engine.StaticMeshActor Name:StaticMeshActor_UAID_18C04DC318A1347C01_1437489259 Label:SM_Table SpatiallyLoaded:1 Bounds:IsValid=true, Min=(X=616.358 Y=751.723 Z=1.434), Max=(X=752.541 Y=887.905 Z=127.111) RuntimeGrid:None EditorOnly:0 RuntimeOnly:0 HLODRelevant:1
 |   |   |- [+] [  7]
 |   |   |   |- Guid:4426D2314F8FAACC1B976AA32AFFC9F3 BaseClass:/Game/BPs/lightning/TurnLight.TurnLight_C NativeClass:/Script/Engine.Actor Name:TurnLight_C_UAID_18C04DC318A1157801_1794710589 Label:TurnLight6 SpatiallyLoaded:1 Bounds:IsValid=true, Min=(X=1450.000 Y=1890.000 Z=-750.000), Max=(X=3450.000 Y=3890.000 Z=1250.000) RuntimeGrid:None EditorOnly:0 RuntimeOnly:0 HLODRelevant:0 FolderPath:Lighting/PointLights FolderGuid:1F61DF244D7C34C74A6E3B949E3114EE
 |   |   |- [+] [  8]
 |   |   |   |- Guid:CCFF262C46EEFFDF319E7F9539CE697E BaseClass: NativeClass:/Script/Engine.SkyAtmosphere Name:SkyAtmosphere_0 Label:SkyAtmosphere SpatiallyLoaded:0 Bounds:IsValid=true, Min=(X=0.000 Y=0.000 Z=1020.000), Max=(X=0.000 Y=0.000 Z=1020.000) RuntimeGrid:None EditorOnly:0 RuntimeOnly:0 HLODRelevant:0 FolderPath:Lighting FolderGuid:963EC3EB4002CCE9759E2EBA541A873A
 |   |   |- [+] [  9]
 |   |   |   |- Guid:C15C2C8D4EA4ADE0BD1349AFD814988B BaseClass: NativeClass:/Script/Engine.StaticMeshActor Name:StaticMeshActor_14 Label:SM_Ramp3 SpatiallyLoaded:1 Bounds:IsValid=true, Min=(X=1800.000 Y=1700.000 Z=100.000), Max=(X=2000.000 Y=2100.000 Z=200.000) RuntimeGrid:None EditorOnly:0 RuntimeOnly:0 HLODRelevant:1 FolderPath:Block01 FolderGuid:7D23E5AE4C2A421F86AF6986D87E6D05
 |   |   |- [+] [ 10]
 |   |   |   |- Guid:43815E84492231AFC407F59E3C28176B BaseClass: NativeClass:/Script/Engine.StaticMeshActor Name:StaticMeshActor_4 Label:SM_Cube6 SpatiallyLoaded:1 Bounds:IsValid=true, Min=(X=2900.000 Y=100.000 Z=0.000), Max=(X=3000.000 Y=3400.000 Z=400.000) RuntimeGrid:None EditorOnly:0 RuntimeOnly:0 HLODRelevant:1 FolderPath:Playground FolderGuid:C73F09FC4215536B1DCE2A9E0A830C70
 |   |   |- [+] [ 11]
 |   |   |   |- Guid:B785ED2844B84CFB91E7F39FE661CD99 BaseClass: NativeClass:/Script/Engine.DirectionalLight Name:DirectionalLight_0 Label:DirectionalLight SpatiallyLoaded:0 Bounds:IsValid=true, Min=(X=-4398046511104.000 Y=-4398046511104.000 Z=-4398046511104.000), Max=(X=4398046511104.000 Y=4398046511104.000 Z=4398046511104.000) RuntimeGrid:None EditorOnly:0 RuntimeOnly:0 HLODRelevant:0 FolderPath:Lighting FolderGuid:963EC3EB4002CCE9759E2EBA541A873A
 |   |   |- [+] [ 12]
 |   |   |   |- Guid:DD5CB0E949226F78ABBD328DB4062C0C BaseClass:/Game/BPs/lightning/TurnLight.TurnLight_C NativeClass:/Script/Engine.Actor Name:TurnLight_C_UAID_18C04DC318A1157801_1804593592 Label:TurnLight9 SpatiallyLoaded:1 Bounds:IsValid=true, Min=(X=1450.000 Y=950.000 Z=-750.000), Max=(X=3450.000 Y=2950.000 Z=1250.000) RuntimeGrid:None EditorOnly:0 RuntimeOnly:0 HLODRelevant:0 FolderPath:Lighting/PointLights FolderGuid:1F61DF244D7C34C74A6E3B949E3114EE
 |   |   |- [+] [ 13]
 |   |   |   |- Guid:316CF2A6494ACA4C0E4180A87D36AB8F BaseClass: NativeClass:/Script/Engine.ExponentialHeightFog Name:ExponentialHeightFog_0 Label:ExponentialHeightFog SpatiallyLoaded:0 Bounds:IsValid=true, Min=(X=-5600.000 Y=-50.000 Z=-6850.000), Max=(X=-5600.000 Y=-50.000 Z=-6850.000) RuntimeGrid:None EditorOnly:0 RuntimeOnly:0 HLODRelevant:0 FolderPath:Lighting FolderGuid:963EC3EB4002CCE9759E2EBA541A873A
 |   |   |- [+] [ 14]
 |   |   |   |- Guid:F1924B8D48954B30891B2DB6A694F9CC BaseClass: NativeClass:/Script/Engine.StaticMeshActor Name:StaticMeshActor_1 Label:SM_Cube SpatiallyLoaded:1 Bounds:IsValid=true, Min=(X=0.000 Y=0.000 Z=-50.000), Max=(X=3000.000 Y=3500.000 Z=0.000) RuntimeGrid:None EditorOnly:0 RuntimeOnly:0 HLODRelevant:1 FolderPath:Playground FolderGuid:C73F09FC4215536B1DCE2A9E0A830C70
 |   |   |- [+] [ 15]
 |   |   |   |- Guid:EDAA34A64E50B17535C2EB826C12557D BaseClass: NativeClass:/Script/Engine.StaticMeshActor Name:StaticMeshActor_9 Label:SM_Ramp2 SpatiallyLoaded:1 Bounds:IsValid=true, Min=(X=1400.000 Y=1500.000 Z=0.000), Max=(X=1800.000 Y=1700.000 Z=100.000) RuntimeGrid:None EditorOnly:0 RuntimeOnly:0 HLODRelevant:1 FolderPath:Block01 FolderGuid:7D23E5AE4C2A421F86AF6986D87E6D05
 |   |   |- [+] [ 16]
 |   |   |   |- Guid:2FB58999456391D349DC0F86DAC136ED BaseClass: NativeClass:/Script/Engine.SkyLight Name:SkyLight_1 Label:SkyLight SpatiallyLoaded:0 Bounds:IsValid=true, Min=(X=0.000 Y=0.000 Z=690.000), Max=(X=0.000 Y=0.000 Z=690.000) RuntimeGrid:None EditorOnly:0 RuntimeOnly:0 HLODRelevant:0 FolderPath:Lighting FolderGuid:963EC3EB4002CCE9759E2EBA541A873A
 |   |   |- [+] [ 17]
 |   |   |   |- Guid:3B7EF57A402EAB256588F4A0500FB3F7 BaseClass:/Engine/EngineSky/BP_Sky_Sphere.BP_Sky_Sphere_C NativeClass:/Script/Engine.Actor Name:BP_Sky_Sphere_C_UAID_18C04DC318A1A87501_1107862280 Label:BP_Sky_Sphere SpatiallyLoaded:0 Bounds:IsValid=true, Min=(X=-1638400.000 Y=-1638400.000 Z=-1638400.000), Max=(X=1638400.000 Y=1638400.000 Z=1638400.000) RuntimeGrid:None EditorOnly:0 RuntimeOnly:0 HLODRelevant:0 FolderPath:Lighting FolderGuid:963EC3EB4002CCE9759E2EBA541A873A
 |   |   |- [+] [ 18]
 |   |   |   |- Guid:E3AF88BB465FC65AFCFD2E92B8D26845 BaseClass:/Game/BPs/lightning/TurnLight.TurnLight_C NativeClass:/Script/Engine.Actor Name:TurnLight_C_UAID_18C04DC318A1157801_1804590590 Label:TurnLight7 SpatiallyLoaded:1 Bounds:IsValid=true, Min=(X=-290.000 Y=950.000 Z=-750.000), Max=(X=1710.000 Y=2950.000 Z=1250.000) RuntimeGrid:None EditorOnly:0 RuntimeOnly:0 HLODRelevant:0 FolderPath:Lighting/PointLights FolderGuid:1F61DF244D7C34C74A6E3B949E3114EE
 |   |   |- [+] [ 19]
 |   |   |   |- Guid:770E019741619C9FF68CCD97159BDBFA BaseClass:/Game/GoodSky/Blueprint/BP_GoodSky.BP_GoodSky_C NativeClass:/Script/Engine.Actor Name:BP_GoodSky_C_UAID_18C04DC318A1897601_1171687880 Label:BP_GoodSky SpatiallyLoaded:1 Bounds:IsValid=true, Min=(X=-1637514.175 Y=-1639054.368 Z=-1592907.382), Max=(X=1643053.403 Y=1641513.596 Z=1594727.382) RuntimeGrid:None EditorOnly:0 RuntimeOnly:0 HLODRelevant:0 FolderPath:Lighting FolderGuid:963EC3EB4002CCE9759E2EBA541A873A
 |   |   |- [+] [ 20]
 |   |   |   |- Guid:961864A84FF6F65B68F2A3BE5819D538 BaseClass: NativeClass:/Script/Engine.StaticMeshActor Name:StaticMeshActor_8 Label:SM_Cube4 SpatiallyLoaded:1 Bounds:IsValid=true, Min=(X=1200.000 Y=1700.000 Z=0.000), Max=(X=1800.000 Y=2200.000 Z=200.000) RuntimeGrid:None EditorOnly:0 RuntimeOnly:0 HLODRelevant:1 FolderPath:Block01 FolderGuid:7D23E5AE4C2A421F86AF6986D87E6D05
 |   |   |- [+] [ 21]
 |   |   |   |- Guid:5FA988C942DB56D6DC9DBA92BEFB7F13 BaseClass:/Game/BPs/lightning/TurnLight.TurnLight_C NativeClass:/Script/Engine.Actor Name:TurnLight_C_UAID_18C04DC318A1157801_1762932584 Label:TurnLight SpatiallyLoaded:1 Bounds:IsValid=true, Min=(X=-290.000 Y=-300.000 Z=-750.000), Max=(X=1710.000 Y=1700.000 Z=1250.000) RuntimeGrid:None EditorOnly:0 RuntimeOnly:0 HLODRelevant:0 FolderPath:Lighting/PointLights FolderGuid:1F61DF244D7C34C74A6E3B949E3114EE
 |   |   |- [+] [ 22]
 |   |   |   |- Guid:A56216954B2165CF0F35A886B537D536 BaseClass: NativeClass:/Script/Engine.StaticMeshActor Name:StaticMeshActor_0 Label:SM_Cube5 SpatiallyLoaded:1 Bounds:IsValid=true, Min=(X=-0.000 Y=100.000 Z=0.000), Max=(X=100.000 Y=3400.000 Z=400.000) RuntimeGrid:None EditorOnly:0 RuntimeOnly:0 HLODRelevant:1 FolderPath:Playground FolderGuid:C73F09FC4215536B1DCE2A9E0A830C70
 |   |   |- [+] [ 23]
 |   |   |   |- Guid:0A733B864C327F0B589EC8BBDD0265BC BaseClass: NativeClass:/Script/Engine.StaticMeshActor Name:StaticMeshActor_13 Label:SM_Cube9 SpatiallyLoaded:1 Bounds:IsValid=true, Min=(X=1800.000 Y=1500.000 Z=0.000), Max=(X=2000.000 Y=2200.000 Z=100.000) RuntimeGrid:None EditorOnly:0 RuntimeOnly:0 HLODRelevant:1 FolderPath:Block01 FolderGuid:7D23E5AE4C2A421F86AF6986D87E6D05
 |   |   |- [+] [ 24]
 |   |   |   |- Guid:BC08B79C4EA3C961CFF75EBBE83B367D BaseClass: NativeClass:/Script/Engine.StaticMeshActor Name:StaticMeshActor_5 Label:SM_Cube2 SpatiallyLoaded:1 Bounds:IsValid=true, Min=(X=0.000 Y=0.000 Z=0.000), Max=(X=3000.000 Y=100.000 Z=400.000) RuntimeGrid:None EditorOnly:0 RuntimeOnly:0 HLODRelevant:1 FolderPath:Playground FolderGuid:C73F09FC4215536B1DCE2A9E0A830C70
 |   |   |- [+] [ 25]
 |   |   |   |- Guid:FF698C67459ADB4982D7759C0905EE9F BaseClass: NativeClass:/Script/Engine.StaticMeshActor Name:StaticMeshActor_6 Label:SM_Cube3 SpatiallyLoaded:1 Bounds:IsValid=true, Min=(X=0.000 Y=3400.000 Z=0.000), Max=(X=3000.000 Y=3500.000 Z=400.000) RuntimeGrid:None EditorOnly:0 RuntimeOnly:0 HLODRelevant:1 FolderPath:Playground FolderGuid:C73F09FC4215536B1DCE2A9E0A830C70
 |   |   |- [+] [ 26]
 |   |   |   |- Guid:7331DE1D47C89CA67A9BB8855D48FDD6 BaseClass:/Game/BPs/lightning/TurnLight.TurnLight_C NativeClass:/Script/Engine.Actor Name:TurnLight_C_UAID_18C04DC318A1157801_1794709588 Label:TurnLight5 SpatiallyLoaded:1 Bounds:IsValid=true, Min=(X=560.000 Y=1890.000 Z=-750.000), Max=(X=2560.000 Y=3890.000 Z=1250.000) RuntimeGrid:None EditorOnly:0 RuntimeOnly:0 HLODRelevant:0 FolderPath:Lighting/PointLights FolderGuid:1F61DF244D7C34C74A6E3B949E3114EE
 |   |   |- [+] [ 27]
 |   |   |   |- Guid:3A00AA1C422CE54C0BDB60BAF471BFBB BaseClass: NativeClass:/Script/Engine.PlayerStart Name:PlayerStart_0 Label:PlayerStart SpatiallyLoaded:0 Bounds:IsValid=true, Min=(X=860.000 Y=1070.000 Z=0.013), Max=(X=940.000 Y=1150.000 Z=184.013) RuntimeGrid:None EditorOnly:0 RuntimeOnly:0 HLODRelevant:0
 |   |   |- [+] [ 28]
 |   |   |   |- Guid:83DBF0244DC0E1A225255C94AADA22C6 BaseClass:/Game/BPs/SceneManage/ReturnMenu.ReturnMenu_C NativeClass:/Script/Engine.Actor Name:LevelChange_C_UAID_18C04DC318A1057601_1241123647 Label:LevelChange SpatiallyLoaded:1 Bounds:IsValid=true, Min=(X=1432.092 Y=1799.294 Z=204.049), Max=(X=1435.780 Y=2100.706 Z=434.130) RuntimeGrid:None EditorOnly:0 RuntimeOnly:0 HLODRelevant:0
 |   |   |- [+] [ 29]
 |   |   |   |- Guid:BFFA38974C88A76C36F8418BAE7EC436 BaseClass:/Game/Art/Materiales/ColorChange.ColorChange_C NativeClass:/Script/Engine.StaticMeshActor Name:ColorChange_C_UAID_18C04DC318A1C87801_2139684079 Label:ColorChange SpatiallyLoaded:1 Bounds:IsValid=true, Min=(X=790.000 Y=1710.000 Z=60.000), Max=(X=890.000 Y=1810.000 Z=160.000) RuntimeGrid:None EditorOnly:0 RuntimeOnly:0 HLODRelevant:1
 |   |   |- [+] [ 30]
 |   |   |   |- Guid:15CB518B434C889FCA05EE8FB5335D78 BaseClass:/Game/BPs/lightning/TurnLight.TurnLight_C NativeClass:/Script/Engine.Actor Name:TurnLight_C_UAID_18C04DC318A1157801_1786052586 Label:TurnLight3 SpatiallyLoaded:1 Bounds:IsValid=true, Min=(X=1450.000 Y=-300.000 Z=-750.000), Max=(X=3450.000 Y=1700.000 Z=1250.000) RuntimeGrid:None EditorOnly:0 RuntimeOnly:0 HLODRelevant:0 FolderPath:Lighting/PointLights FolderGuid:1F61DF244D7C34C74A6E3B949E3114EE
 |   |   |- [+] [ 31]
 |   |   |   |- Guid:FB32618244EE92F07C4BC2A1FAEF0164 BaseClass:/Game/BPs/lightning/TurnLight.TurnLight_C NativeClass:/Script/Engine.Actor Name:TurnLight_C_UAID_18C04DC318A1157801_1804592591 Label:TurnLight8 SpatiallyLoaded:1 Bounds:IsValid=true, Min=(X=560.000 Y=950.000 Z=-570.000), Max=(X=2560.000 Y=2950.000 Z=1430.000) RuntimeGrid:None EditorOnly:0 RuntimeOnly:0 HLODRelevant:0 FolderPath:Lighting/PointLights FolderGuid:1F61DF244D7C34C74A6E3B949E3114EE
 |   |   |- [+] [ 32]
 |   |   |   |- Guid:1BBE47E0406CBCFCA07BE09FFEFF233E BaseClass:/Game/Art/Materiales/SM_SofaPart_Blueprint.SM_SofaPart_Blueprint_C NativeClass:/Script/Engine.StaticMeshActor Name:SM_SofaPart_Blueprint_C_UAID_18C04DC318A1367C01_1287276615 Label:SM_SofaPart_Blueprint SpatiallyLoaded:1 Bounds:IsValid=true, Min=(X=1203.960 Y=756.391 Z=1.172), Max=(X=1322.344 Y=893.320 Z=160.216) RuntimeGrid:None EditorOnly:0 RuntimeOnly:0 HLODRelevant:1
 |   |   |- [+] [ 33]
 |   |   |   |- Guid:D8FDEFBC4547ABA4765711B651A2EA58 BaseClass: NativeClass:/Script/Engine.StaticMeshActor Name:StaticMeshActor_UAID_18C04DC318A1D57C01_2017400591 Label:SM_Enviroment SpatiallyLoaded:1 Bounds:IsValid=true, Min=(X=489.729 Y=602.582 Z=1.605), Max=(X=1338.399 Y=1541.778 Z=449.543) RuntimeGrid:None EditorOnly:0 RuntimeOnly:0 HLODRelevant:1
 |   |   |- [+] [ 34]
 |   |   |   |- Guid:9F7046F64090984C66357F91E977838E BaseClass: NativeClass:/Script/Engine.StaticMeshActor Name:StaticMeshActor_UAID_18C04DC318A1D57C01_2085713593 Label:SM_Window SpatiallyLoaded:1 Bounds:IsValid=true, Min=(X=504.230 Y=853.063 Z=114.204), Max=(X=574.643 Y=1209.317 Z=272.894) RuntimeGrid:None EditorOnly:0 RuntimeOnly:0 HLODRelevant:1
 |   |   |- [+] [ 35]
 |   |   |   |- Guid:94E5A4C44067DC84B121F7B3A630C496 BaseClass: NativeClass:/Script/Engine.StaticMeshActor Name:StaticMeshActor_UAID_18C04DC318A1D57C01_2118303594 Label:SM_Fireplace SpatiallyLoaded:1 Bounds:IsValid=true, Min=(X=818.019 Y=617.938 Z=21.882), Max=(X=949.595 Y=745.230 Z=149.489) RuntimeGrid:None EditorOnly:0 RuntimeOnly:0 HLODRelevant:1
 |   |   |- [+] [ 36]
 |   |   |   |- Guid:1DA9576D4D6411FA31123D9150BD6793 BaseClass: NativeClass:/Script/Engine.StaticMeshActor Name:StaticMeshActor_UAID_18C04DC318A1D67C01_1077277771 Label:SM_DishStack SpatiallyLoaded:1 Bounds:IsValid=true, Min=(X=647.999 Y=790.387 Z=127.110), Max=(X=688.918 Y=831.389 Z=141.280) RuntimeGrid:None EditorOnly:0 RuntimeOnly:0 HLODRelevant:1
 |   |   |- [+] [ 37]
 |   |   |   |- Guid:D4F4B0B44EA2E9B33B01CDB8302C2ADB BaseClass: NativeClass:/Script/Engine.StaticMeshActor Name:StaticMeshActor_UAID_18C04DC318A1D67C01_1090461772 Label:SM_FireplaceTools SpatiallyLoaded:1 Bounds:IsValid=true, Min=(X=954.423 Y=751.751 Z=1.320), Max=(X=1003.606 Y=791.308 Z=100.394) RuntimeGrid:None EditorOnly:0 RuntimeOnly:0 HLODRelevant:1
 |   |   |- [+] [ 38]
 |   |   |   |- Guid:76CDE7A543E8B9C727A6EF9C50A50151 BaseClass: NativeClass:/Script/Engine.StaticMeshActor Name:StaticMeshActor_UAID_18C04DC318A1D67C01_1100291773 Label:SM_RoundTable SpatiallyLoaded:1 Bounds:IsValid=true, Min=(X=883.801 Y=1205.722 Z=1.603), Max=(X=977.422 Y=1299.342 Z=88.552) RuntimeGrid:None EditorOnly:0 RuntimeOnly:0 HLODRelevant:1
 |   |   |- [+] [ 39]
 |   |   |   |- Guid:48FAB5FA4E776A51295C95BD9E3A038C BaseClass: NativeClass:/Script/Engine.StaticMeshActor Name:StaticMeshActor_UAID_18C04DC318A1D67C01_1105437774 Label:SM_Mug SpatiallyLoaded:1 Bounds:IsValid=true, Min=(X=707.793 Y=812.202 Z=127.261), Max=(X=730.187 Y=828.327 Z=148.620) RuntimeGrid:None EditorOnly:0 RuntimeOnly:0 HLODRelevant:1
 |- ContainerInstances:
 |- [+] MainContainer:
 |   |-        ID: 0x0000000000000000
 |   |-    Bounds: IsValid=false, Min=(X=0.000 Y=0.000 Z=0.000), Max=(X=0.000 Y=0.000 Z=0.000)
 |   |- Transform: 0.000000,0.000000,0.000000|0.000000,0.000000,-0.000000|1.000000,1.000000,1.000000
 |   |- Container: /Game/ThirdPerson/Maps/ThirdPersonMap
----------------------------------------------------------------------------------------------------------------
ThirdPersonMap - Persistent Level
----------------------------------------------------------------------------------------------------------------
Always loaded Actor Count: 58 

----------------------------------------------------------------------------------------------------------------
ThirdPersonMap - Runtime Spatial Hash - Streaming Grid - MainGrid
----------------------------------------------------------------------------------------------------------------
            Origin: X=0.000 Y=0.000 Z=0.000
         Cell Size: 12800
      World Bounds: IsValid=false, Min=(X=0.000 Y=0.000 Z=0.000), Max=(X=0.000 Y=0.000 Z=0.000)
     Loading Range: 25600.00
Block Slow Loading: No
 ClientOnlyVisible: No

[+] Grid Levels: 1
 |- Level  0: Cell Count    0 | Cell Size   12800 | Actor Count    0 (0.0%)

[+] Content of Grid Level 0

